<?xml version="1.0" encoding="UTF-8"?>
<testng-results skipped="0" failed="0" ignored="0" total="1" passed="1">
  <reporter-output>
  </reporter-output>
  <suite name="Default suite" duration-ms="10917" started-at="2018-07-20T13:38:25Z" finished-at="2018-07-20T13:38:35Z">
    <groups>
    </groups>
    <test name="Default test" duration-ms="10917" started-at="2018-07-20T13:38:25Z" finished-at="2018-07-20T13:38:35Z">
      <class name="Selenium.seleniumprogrmme">
        <test-method status="PASS" signature="Test()[pri:0, instance:Selenium.seleniumprogrmme@6a4f787b]" name="Test" duration-ms="10895" started-at="2018-07-20T13:38:25Z" finished-at="2018-07-20T13:38:35Z">
          <reporter-output>
          </reporter-output>
        </test-method> <!-- Test -->
      </class> <!-- Selenium.seleniumprogrmme -->
    </test> <!-- Default test -->
  </suite> <!-- Default suite -->
</testng-results>
